mode: count
github.com/harukasan/go-libwebp/webp/decode.go:41.34,43.2 1 1
github.com/harukasan/go-libwebp/webp/decode.go:46.47,50.2 3 1
github.com/harukasan/go-libwebp/webp/decode.go:53.65,57.37 3 1
github.com/harukasan/go-libwebp/webp/decode.go:61.2,69.8 2 1
github.com/harukasan/go-libwebp/webp/decode.go:57.37,59.13 1 0
github.com/harukasan/go-libwebp/webp/decode.go:73.83,75.16 2 2
github.com/harukasan/go-libwebp/webp/decode.go:79.2,83.107 3 2
github.com/harukasan/go-libwebp/webp/decode.go:87.2,96.42 6 2
github.com/harukasan/go-libwebp/webp/decode.go:100.2,114.32 14 2
github.com/harukasan/go-libwebp/webp/decode.go:120.2,120.95 1 2
github.com/harukasan/go-libwebp/webp/decode.go:124.2,124.8 1 2
github.com/harukasan/go-libwebp/webp/decode.go:75.16,77.3 1 0
github.com/harukasan/go-libwebp/webp/decode.go:83.107,85.13 1 0
github.com/harukasan/go-libwebp/webp/decode.go:96.42,98.3 1 0
github.com/harukasan/go-libwebp/webp/decode.go:114.32,118.3 3 0
github.com/harukasan/go-libwebp/webp/decode.go:120.95,122.13 1 0
github.com/harukasan/go-libwebp/webp/decode.go:128.84,130.16 2 3
github.com/harukasan/go-libwebp/webp/decode.go:134.2,138.107 3 3
github.com/harukasan/go-libwebp/webp/decode.go:143.2,157.95 9 3
github.com/harukasan/go-libwebp/webp/decode.go:161.2,161.8 1 3
github.com/harukasan/go-libwebp/webp/decode.go:130.16,132.3 1 0
github.com/harukasan/go-libwebp/webp/decode.go:138.107,140.13 1 0
github.com/harukasan/go-libwebp/webp/decode.go:157.95,159.13 1 0
github.com/harukasan/go-libwebp/webp/decode.go:165.55,166.16 1 0
github.com/harukasan/go-libwebp/webp/decode.go:184.2,184.33 1 0
github.com/harukasan/go-libwebp/webp/decode.go:167.2,168.25 1 0
github.com/harukasan/go-libwebp/webp/decode.go:169.2,170.36 1 0
github.com/harukasan/go-libwebp/webp/decode.go:171.2,172.36 1 0
github.com/harukasan/go-libwebp/webp/decode.go:173.2,174.38 1 0
github.com/harukasan/go-libwebp/webp/decode.go:175.2,176.42 1 0
github.com/harukasan/go-libwebp/webp/decode.go:177.2,178.32 1 0
github.com/harukasan/go-libwebp/webp/decode.go:179.2,180.33 1 0
github.com/harukasan/go-libwebp/webp/decode.go:181.2,182.38 1 0
github.com/harukasan/go-libwebp/webp/decode.go:188.102,191.57 2 5
github.com/harukasan/go-libwebp/webp/decode.go:196.2,196.29 1 5
github.com/harukasan/go-libwebp/webp/decode.go:199.2,199.31 1 5
github.com/harukasan/go-libwebp/webp/decode.go:202.2,202.54 1 5
github.com/harukasan/go-libwebp/webp/decode.go:209.2,209.56 1 5
github.com/harukasan/go-libwebp/webp/decode.go:214.2,214.24 1 5
github.com/harukasan/go-libwebp/webp/decode.go:217.12,219.8 2 5
github.com/harukasan/go-libwebp/webp/decode.go:191.57,193.3 1 0
github.com/harukasan/go-libwebp/webp/decode.go:196.29,198.3 1 0
github.com/harukasan/go-libwebp/webp/decode.go:199.31,201.3 1 0
github.com/harukasan/go-libwebp/webp/decode.go:202.54,208.3 5 1
github.com/harukasan/go-libwebp/webp/decode.go:209.56,213.3 3 1
github.com/harukasan/go-libwebp/webp/decode.go:214.24,216.3 1 0
github.com/harukasan/go-libwebp/webp/decode.go:223.82,225.29 2 5
github.com/harukasan/go-libwebp/webp/decode.go:230.2,230.37 1 4
github.com/harukasan/go-libwebp/webp/decode.go:236.2,238.18 3 3
github.com/harukasan/go-libwebp/webp/decode.go:225.29,229.3 3 1
github.com/harukasan/go-libwebp/webp/decode.go:230.37,234.3 3 1
github.com/harukasan/go-libwebp/webp/encode.go:42.101,46.16 4 11
github.com/harukasan/go-libwebp/webp/encode.go:49.2,49.10 1 11
github.com/harukasan/go-libwebp/webp/encode.go:46.16,48.3 1 0
github.com/harukasan/go-libwebp/webp/encode.go:53.69,55.16 2 1
github.com/harukasan/go-libwebp/webp/encode.go:59.2,60.49 2 1
github.com/harukasan/go-libwebp/webp/encode.go:63.12,73.46 8 1
github.com/harukasan/go-libwebp/webp/encode.go:77.2,77.8 1 1
github.com/harukasan/go-libwebp/webp/encode.go:55.16,57.3 1 0
github.com/harukasan/go-libwebp/webp/encode.go:60.49,62.3 1 0
github.com/harukasan/go-libwebp/webp/encode.go:73.46,75.13 1 0
github.com/harukasan/go-libwebp/webp/encode.go:81.68,83.16 2 1
github.com/harukasan/go-libwebp/webp/encode.go:87.2,88.49 2 1
github.com/harukasan/go-libwebp/webp/encode.go:91.12,101.31 10 1
github.com/harukasan/go-libwebp/webp/encode.go:106.2,109.46 3 1
github.com/harukasan/go-libwebp/webp/encode.go:113.2,113.8 1 1
github.com/harukasan/go-libwebp/webp/encode.go:83.16,85.3 1 0
github.com/harukasan/go-libwebp/webp/encode.go:88.49,90.3 1 0
github.com/harukasan/go-libwebp/webp/encode.go:101.31,104.3 2 0
github.com/harukasan/go-libwebp/webp/encode.go:109.46,111.13 1 0
github.com/harukasan/go-libwebp/webp/encode.go:117.73,119.96 2 2
github.com/harukasan/go-libwebp/webp/encode.go:122.12,125.44 3 2
github.com/harukasan/go-libwebp/webp/encode.go:128.2,128.8 1 2
github.com/harukasan/go-libwebp/webp/encode.go:119.96,121.3 1 0
github.com/harukasan/go-libwebp/webp/encode.go:125.44,127.3 1 0
github.com/harukasan/go-libwebp/webp/yuva_image.go:21.71,25.11 3 2
github.com/harukasan/go-libwebp/webp/yuva_image.go:55.2,55.8 1 2
github.com/harukasan/go-libwebp/webp/yuva_image.go:26.2,38.4 2 2
github.com/harukasan/go-libwebp/webp/yuva_image.go:40.2,52.4 2 0
